<?xml version="1.0" encoding="UTF-8"?>
<testng-results skipped="0" failed="0" ignored="0" total="1" passed="1">
  <reporter-output>
  </reporter-output>
  <suite name="Default suite" duration-ms="129609" started-at="2019-06-06T09:08:27Z" finished-at="2019-06-06T09:10:37Z">
    <groups>
      <group name="cucumber">
        <method signature="AbstractTestNGCucumberTests.feature(cucumber.api.testng.CucumberFeatureWrapper)[pri:0, instance:com.testrunner.ss.TestRunner@4f970963]" name="feature" class="cucumber.api.testng.AbstractTestNGCucumberTests"/>
      </group> <!-- cucumber -->
    </groups>
    <test name="Default test" duration-ms="129609" started-at="2019-06-06T09:08:27Z" finished-at="2019-06-06T09:10:37Z">
      <class name="com.testrunner.ss.TestRunner">
        <test-method status="PASS" signature="beforeTest()[pri:0, instance:com.testrunner.ss.TestRunner@4f970963]" name="beforeTest" is-config="true" duration-ms="11" started-at="2019-06-06T09:08:27Z" finished-at="2019-06-06T09:08:27Z">
          <reporter-output>
          </reporter-output>
        </test-method> <!-- beforeTest -->
        <test-method status="PASS" signature="setUpClass()[pri:0, instance:com.testrunner.ss.TestRunner@4f970963]" name="setUpClass" is-config="true" duration-ms="343" started-at="2019-06-06T09:08:27Z" finished-at="2019-06-06T09:08:27Z">
          <reporter-output>
          </reporter-output>
        </test-method> <!-- setUpClass -->
        <test-method status="PASS" signature="setUp()[pri:0, instance:com.testrunner.ss.TestRunner@4f970963]" name="setUp" is-config="true" duration-ms="5043" started-at="2019-06-06T09:08:27Z" finished-at="2019-06-06T09:08:32Z">
          <reporter-output>
          </reporter-output>
        </test-method> <!-- setUp -->
        <test-method status="PASS" signature="feature(cucumber.api.testng.CucumberFeatureWrapper)[pri:0, instance:com.testrunner.ss.TestRunner@4f970963]" name="feature" duration-ms="123295" started-at="2019-06-06T09:08:32Z" description="Runs Cucumber Feature" data-provider="features" finished-at="2019-06-06T09:10:36Z">
          <params>
            <param index="0">
              <value>
                <![CDATA[Create a company through the invitation email]]>
              </value>
            </param>
          </params>
          <reporter-output>
          </reporter-output>
        </test-method> <!-- feature -->
        <test-method status="PASS" signature="takeScreenshot(org.testng.ITestResult)[pri:0, instance:com.testrunner.ss.TestRunner@4f970963]" name="takeScreenshot" is-config="true" duration-ms="0" started-at="2019-06-06T09:10:36Z" finished-at="2019-06-06T09:10:36Z">
          <params>
            <param index="0">
              <value>
                <![CDATA[[TestResult name=feature status=SUCCESS method=AbstractTestNGCucumberTests.feature(cucumber.api.testng.CucumberFeatureWrapper)[pri:0, instance:com.testrunner.ss.TestRunner@4f970963] output={null}]]]>
              </value>
            </param>
          </params>
          <reporter-output>
          </reporter-output>
        </test-method> <!-- takeScreenshot -->
        <test-method status="PASS" signature="tearDown()[pri:0, instance:com.testrunner.ss.TestRunner@4f970963]" name="tearDown" is-config="true" duration-ms="712" started-at="2019-06-06T09:10:36Z" finished-at="2019-06-06T09:10:36Z">
          <reporter-output>
          </reporter-output>
        </test-method> <!-- tearDown -->
        <test-method status="PASS" signature="tearDownClass()[pri:0, instance:com.testrunner.ss.TestRunner@4f970963]" name="tearDownClass" is-config="true" duration-ms="74" started-at="2019-06-06T09:10:36Z" finished-at="2019-06-06T09:10:37Z">
          <reporter-output>
          </reporter-output>
        </test-method> <!-- tearDownClass -->
      </class> <!-- com.testrunner.ss.TestRunner -->
    </test> <!-- Default test -->
  </suite> <!-- Default suite -->
</testng-results>
