<?xml version="1.0" encoding="UTF-8"?>
<testng-results skipped="0" failed="1" ignored="0" total="1" passed="0">
  <reporter-output>
  </reporter-output>
  <suite name="Default suite" duration-ms="51283" started-at="2019-06-13T12:05:34Z" finished-at="2019-06-13T12:06:26Z">
    <groups>
      <group name="cucumber">
        <method signature="AbstractTestNGCucumberTests.feature(cucumber.api.testng.CucumberFeatureWrapper)[pri:0, instance:com.testrunner.ss.TestRunner@7b49cea0]" name="feature" class="cucumber.api.testng.AbstractTestNGCucumberTests"/>
      </group> <!-- cucumber -->
    </groups>
    <test name="Default test" duration-ms="51283" started-at="2019-06-13T12:05:34Z" finished-at="2019-06-13T12:06:26Z">
      <class name="com.testrunner.ss.TestRunner">
        <test-method status="PASS" signature="beforeTest()[pri:0, instance:com.testrunner.ss.TestRunner@7b49cea0]" name="beforeTest" is-config="true" duration-ms="11" started-at="2019-06-13T12:05:34Z" finished-at="2019-06-13T12:05:34Z">
          <reporter-output>
          </reporter-output>
        </test-method> <!-- beforeTest -->
        <test-method status="PASS" signature="setUpClass()[pri:0, instance:com.testrunner.ss.TestRunner@7b49cea0]" name="setUpClass" is-config="true" duration-ms="413" started-at="2019-06-13T12:05:34Z" finished-at="2019-06-13T12:05:35Z">
          <reporter-output>
          </reporter-output>
        </test-method> <!-- setUpClass -->
        <test-method status="PASS" signature="setUp()[pri:0, instance:com.testrunner.ss.TestRunner@7b49cea0]" name="setUp" is-config="true" duration-ms="5731" started-at="2019-06-13T12:05:35Z" finished-at="2019-06-13T12:05:40Z">
          <reporter-output>
          </reporter-output>
        </test-method> <!-- setUp -->
        <test-method status="FAIL" signature="feature(cucumber.api.testng.CucumberFeatureWrapper)[pri:0, instance:com.testrunner.ss.TestRunner@7b49cea0]" name="feature" duration-ms="43710" started-at="2019-06-13T12:05:41Z" description="Runs Cucumber Feature" data-provider="features" finished-at="2019-06-13T12:06:24Z">
          <params>
            <param index="0">
              <value>
                <![CDATA[Create a company through the invitation email]]>
              </value>
            </param>
          </params>
          <exception class="cucumber.runtime.CucumberException">
            <message>
              <![CDATA[java.lang.AssertionError: The following asserts failed:
Completed count is incorrect expected [64] but found [69],
Incomplete count is incorrect expected [80] but found [78],
Processed count is incorrect expected [144] but found [147],
Zillow count is incorrect expected [48] but found [47],
Third Party count is incorrect expected [1510] but found [1509],
Corrupted count is incorrect expected [0] but found [3]]]>
            </message>
            <full-stacktrace>
              <![CDATA[cucumber.runtime.CucumberException: java.lang.AssertionError: The following asserts failed:
Completed count is incorrect expected [64] but found [69],
Incomplete count is incorrect expected [80] but found [78],
Processed count is incorrect expected [144] but found [147],
Zillow count is incorrect expected [48] but found [47],
Third Party count is incorrect expected [1510] but found [1509],
Corrupted count is incorrect expected [0] but found [3]
at cucumber.api.testng.TestNGCucumberRunner.runCucumber(TestNGCucumberRunner.java:69)
at cucumber.api.testng.AbstractTestNGCucumberTests.feature(AbstractTestNGCucumberTests.java:21)
at sun.reflect.NativeMethodAccessorImpl.invoke0(Native Method)
at sun.reflect.NativeMethodAccessorImpl.invoke(NativeMethodAccessorImpl.java:62)
at sun.reflect.DelegatingMethodAccessorImpl.invoke(DelegatingMethodAccessorImpl.java:43)
at java.lang.reflect.Method.invoke(Method.java:498)
at org.testng.internal.MethodInvocationHelper.invokeMethod(MethodInvocationHelper.java:124)
at org.testng.internal.Invoker.invokeMethod(Invoker.java:580)
at org.testng.internal.Invoker.invokeTestMethod(Invoker.java:716)
at org.testng.internal.Invoker.invokeTestMethods(Invoker.java:988)
at org.testng.internal.TestMethodWorker.invokeTestMethods(TestMethodWorker.java:125)
at org.testng.internal.TestMethodWorker.run(TestMethodWorker.java:109)
at org.testng.TestRunner.privateRun(TestRunner.java:648)
at org.testng.TestRunner.run(TestRunner.java:505)
at org.testng.SuiteRunner.runTest(SuiteRunner.java:455)
at org.testng.SuiteRunner.runSequentially(SuiteRunner.java:450)
at org.testng.SuiteRunner.privateRun(SuiteRunner.java:415)
at org.testng.SuiteRunner.run(SuiteRunner.java:364)
at org.testng.SuiteRunnerWorker.runSuite(SuiteRunnerWorker.java:52)
at org.testng.SuiteRunnerWorker.run(SuiteRunnerWorker.java:84)
at org.testng.TestNG.runSuitesSequentially(TestNG.java:1208)
at org.testng.TestNG.runSuitesLocally(TestNG.java:1137)
at org.testng.TestNG.runSuites(TestNG.java:1049)
at org.testng.TestNG.run(TestNG.java:1017)
at org.testng.remote.AbstractRemoteTestNG.run(AbstractRemoteTestNG.java:114)
at org.testng.remote.RemoteTestNG.initAndRun(RemoteTestNG.java:251)
at org.testng.remote.RemoteTestNG.main(RemoteTestNG.java:77)
Caused by: java.lang.AssertionError: The following asserts failed:
Completed count is incorrect expected [64] but found [69],
Incomplete count is incorrect expected [80] but found [78],
Processed count is incorrect expected [144] but found [147],
Zillow count is incorrect expected [48] but found [47],
Third Party count is incorrect expected [1510] but found [1509],
Corrupted count is incorrect expected [0] but found [3]
at org.testng.asserts.SoftAssert.assertAll(SoftAssert.java:43)
at com.stepdefinitions.ss.CreateCompany.values_on_ui_should_match_with_that_of_db(CreateCompany.java:5250)
at ✽.Then Values on UI should match with that of DB(features/CreateCompany.feature:93)
]]>
            </full-stacktrace>
          </exception> <!-- cucumber.runtime.CucumberException -->
          <reporter-output>
          </reporter-output>
        </test-method> <!-- feature -->
        <test-method status="PASS" signature="takeScreenshot(org.testng.ITestResult)[pri:0, instance:com.testrunner.ss.TestRunner@7b49cea0]" name="takeScreenshot" is-config="true" duration-ms="392" started-at="2019-06-13T12:06:24Z" finished-at="2019-06-13T12:06:25Z">
          <params>
            <param index="0">
              <value>
                <![CDATA[[TestResult name=feature status=FAILURE method=AbstractTestNGCucumberTests.feature(cucumber.api.testng.CucumberFeatureWrapper)[pri:0, instance:com.testrunner.ss.TestRunner@7b49cea0] output={null}]]]>
              </value>
            </param>
          </params>
          <reporter-output>
          </reporter-output>
        </test-method> <!-- takeScreenshot -->
        <test-method status="PASS" signature="tearDown()[pri:0, instance:com.testrunner.ss.TestRunner@7b49cea0]" name="tearDown" is-config="true" duration-ms="799" started-at="2019-06-13T12:06:25Z" finished-at="2019-06-13T12:06:25Z">
          <reporter-output>
          </reporter-output>
        </test-method> <!-- tearDown -->
        <test-method status="PASS" signature="tearDownClass()[pri:0, instance:com.testrunner.ss.TestRunner@7b49cea0]" name="tearDownClass" is-config="true" duration-ms="93" started-at="2019-06-13T12:06:25Z" finished-at="2019-06-13T12:06:26Z">
          <reporter-output>
          </reporter-output>
        </test-method> <!-- tearDownClass -->
      </class> <!-- com.testrunner.ss.TestRunner -->
    </test> <!-- Default test -->
  </suite> <!-- Default suite -->
</testng-results>
